<?xml version="1.0" encoding="UTF-8"?>
<testng-results skipped="0" failed="0" total="1" passed="1">
  <reporter-output>
  </reporter-output>
  <suite name="Test" duration-ms="10894" started-at="2020-12-16T14:17:39Z" finished-at="2020-12-16T14:17:50Z">
    <groups>
    </groups>
    <test name="TestCase" duration-ms="10894" started-at="2020-12-16T14:17:39Z" finished-at="2020-12-16T14:17:50Z">
      <class name="TestCase">
        <test-method status="PASS" signature="setUp()[pri:0, instance:TestCase@79b4d0f]" name="setUp" is-config="true" duration-ms="2006" started-at="2020-12-16T19:47:39Z" finished-at="2020-12-16T19:47:41Z">
          <reporter-output>
          </reporter-output>
        </test-method> <!-- setUp -->
        <test-method status="PASS" signature="test()[pri:0, instance:TestCase@79b4d0f]" name="test" duration-ms="8786" started-at="2020-12-16T19:47:41Z" finished-at="2020-12-16T19:47:50Z">
          <reporter-output>
          </reporter-output>
        </test-method> <!-- test -->
        <test-method status="PASS" signature="tearDown()[pri:0, instance:TestCase@79b4d0f]" name="tearDown" is-config="true" duration-ms="91" started-at="2020-12-16T19:47:50Z" finished-at="2020-12-16T19:47:50Z">
          <reporter-output>
          </reporter-output>
        </test-method> <!-- tearDown -->
      </class> <!-- TestCase -->
    </test> <!-- TestCase -->
  </suite> <!-- Test -->
</testng-results>
